<?xml version="1.0" encoding="UTF-8" ?>
<testsuite errors="0" failures="0" hostname="netstorm-TECRA-C50-C" name="com.wmi.tutorials.bdd.stack.specs.StackBehaviourStory" skipped="0" tests="1" time="1.062" timestamp="2018-11-29T11:28:04">
  <properties>
[...]
</properties>
  <testcase classname="com.wmi.tutorials.bdd.stack.specs.StackBehaviourStory" name="run" time="0.91" />
  <system-out><![CDATA[Inside the log
The test property for testcase is SimpleCreateScenario
./testcases/SimpleCreateScenario/test_case.conf
The test property for Story StoryFile is chrome_test_login.story
Inside the log
The test property for testcase is SimpleCreateScenario
./testcases/SimpleCreateScenario/test_case.conf
The test property for Story StoryFile is chrome_test_login.story
Processing system properties {}
Using controls EmbedderControls[batch=false,skip=false,generateViewAfterStories=true,ignoreFailureInStories=false,ignoreFailureInView=false,verboseFailures=false,verboseFiltering=false,storyTimeouts=300,threads=1,failOnStoryTimeout=false]

(BeforeStories)

Running story 

()
Scenario: 
Examples:
Given a chrometest with testcaseName firstTest
And open Netstorm ProductUI for http://10.10.30.106
When login with username <username> and password <userpass> for TestLogin
Then home page login name should be <username> for casename LoginStepValidation
Given create a scenario with name <scenario_name> project <project_name> subproject <sub_project_name> casename CreateScenarioTest
And add group with groupname <groupname> , script <script_name> , project <project_name> , subproject <sub_project_name> , casename AddGroup
Then quit chrometest

|username|userpass|scenario_name|project_name|sub_project_name|groupname|script_name|
|aditya|cavisson|new_netstorm_test1|default|default|Group1|hpd_tours|

Example: {username=aditya, userpass=cavisson, scenario_name=new_netstorm_test1, project_name=default, sub_project_name=default, groupname=Group1, script_name=hpd_tours}
Given a chrometest with testcaseName firstTest (PENDING)
And open Netstorm ProductUI for http://10.10.30.106 (PENDING)
When login with username <username> and password <userpass> for TestLogin (PENDING)
Then home page login name should be <username> for casename LoginStepValidation (PENDING)
Given create a scenario with name <scenario_name> project <project_name> subproject <sub_project_name> casename CreateScenarioTest (PENDING)
And add group with groupname <groupname> , script <script_name> , project <project_name> , subproject <sub_project_name> , casename AddGroup (PENDING)
Then quit chrometest (PENDING)
@Given("a chrometest with testcaseName firstTest")
@Pending
public void givenAChrometestWithTestcaseNameFirstTest() {
  // PENDING
}

@Given("open Netstorm ProductUI for http://10.10.30.106")
@Pending
public void givenOpenNetstormProductUIForHttp101030106() {
  // PENDING
}

@When("login with username <username> and password <userpass> for TestLogin")
@Pending
public void whenLoginWithUsernameusernameAndPassworduserpassForTestLogin() {
  // PENDING
}

@Then("home page login name should be <username> for casename LoginStepValidation")
@Pending
public void thenHomePageLoginNameShouldBeusernameForCasenameLoginStepValidation() {
  // PENDING
}

@Given("create a scenario with name <scenario_name> project <project_name> subproject <sub_project_name> casename CreateScenarioTest")
@Pending
public void givenCreateAScenarioWithNamescenario_nameProjectproject_nameSubprojectsub_project_nameCasenameCreateScenarioTest() {
  // PENDING
}

@Given("add group with groupname <groupname> , script <script_name> , project <project_name> , subproject <sub_project_name> , casename AddGroup")
@Pending
public void givenAddGroupWithGroupnamegroupnameScriptscript_nameProjectproject_nameSubprojectsub_project_nameCasenameAddGroup() {
  // PENDING
}

@Then("quit chrometest")
@Pending
public void thenQuitChrometest() {
  // PENDING
}





(AfterStories)

Generating reports view to '/home/netstorm/biswajit/newJBehaveDemo/target/jbehave-report' using formats '[stats, html, console]' and view properties '{navigator=ftl/jbehave-navigator.ftl, views=ftl/jbehave-views.ftl, reports=ftl/jbehave-reports.ftl, nonDecorated=ftl/jbehave-report-non-decorated.ftl, decorated=ftl/jbehave-report-decorated.ftl, maps=ftl/jbehave-maps.ftl}'
Reports view generated with 3 stories (of which 1 pending) containing 3 scenarios (of which 1 pending)
]]></system-out>
  <system-err><![CDATA[log4j:WARN No appenders could be found for logger (freemarker.cache).
log4j:WARN Please initialize the log4j system properly.
log4j:WARN See http://logging.apache.org/log4j/1.2/faq.html#noconfig for more info.
]]></system-err>
</testsuite>
