<?xml version="1.0" encoding="UTF-8" ?>
<testsuite errors="0" failures="0" hostname="netstorm-TECRA-C50-C" name="com.cavisson.biswajit.ChromeTestStory" skipped="0" tests="1" time="64.496" timestamp="2018-12-03T11:13:34">
  <properties>
[...]
</properties>
  <testcase classname="com.cavisson.biswajit.ChromeTestStory" name="run" time="64.391" />
  <system-out><![CDATA[Inside the log
The test property for testcase is SimpleCreateScenarioDeleteScenario
./testcases/SimpleCreateScenarioDeleteScenario/test_case.conf
The test property for Story StoryFile is chrome_test_login.story
Inside the log
The test property for testcase is SimpleCreateScenarioDeleteScenario
./testcases/SimpleCreateScenarioDeleteScenario/test_case.conf
The test property for Story StoryFile is chrome_test_login.story
Processing system properties {}
Using controls EmbedderControls[batch=false,skip=false,generateViewAfterStories=true,ignoreFailureInStories=false,ignoreFailureInView=false,verboseFailures=false,verboseFiltering=false,storyTimeouts=600,threads=1,failOnStoryTimeout=false]

(BeforeStories)

Running story 

()
Scenario: 
Examples:
Given a chrometest with testcaseName firstTest
And open Netstorm ProductUI for http://10.10.30.106
When login with username <username> and password <userpass>
Then home page login name should be <username>
Given create a scenario with name <scenario_name> project <project_name> subproject <sub_project_name>
Then add group with groupname <groupname> , script <script_name> , project <project_name> , subproject <sub_project_name>
And save the scenario
And move to TotalScenarios UI
Then delete scenario <scenario_name>
Then quit chrometest

|username|userpass|scenario_name|project_name|sub_project_name|groupname|script_name|
|aditya|cavisson|new_netstorm_test1|default|default|Group1|hpd_tours|

Example: {username=aditya, userpass=cavisson, scenario_name=new_netstorm_test1, project_name=default, sub_project_name=default, groupname=Group1, script_name=hpd_tours}
test case name = firstTest
The test 4j property for executableBinary is /opt/google/chrome/google-chrome
The test 4j property for baseDir is /home/netstorm/biswajit/newJBehaveDemo
The test 4j property for driverPath is chromedriver
***********************************Capabilities {browserName: chrome}***********************
Using timeout for story  of 600 secs.
Given a chrometest with testcaseName firstTest
And open Netstorm ProductUI for http://10.10.30.106
Initial wait started
Initial wait is over
going to capture screenshot
Completed capture screenshot
Secondary wait started
Secondary wait Completed
When login with username aditya and password cavisson
Inside assert aditya
Then home page login name should be aditya
Initial wait started
Initial wait is over
going to capture screenshot
Completed capture screenshot
Secondary wait started
Secondary wait Completed
Given create a scenario with name new_netstorm_test1 project default subproject default
Then add group with groupname Group1 , script hpd_tours , project default , subproject default
And save the scenario
And move to TotalScenarios UI
Then delete scenario new_netstorm_test1
Then quit chrometest




(AfterStories)

Generating reports view to '/home/netstorm/biswajit/newJBehaveDemo/target/jbehave-report' using formats '[stats, html, console]' and view properties '{navigator=ftl/jbehave-navigator.ftl, views=ftl/jbehave-views.ftl, reports=ftl/jbehave-reports.ftl, nonDecorated=ftl/jbehave-report-non-decorated.ftl, decorated=ftl/jbehave-report-decorated.ftl, maps=ftl/jbehave-maps.ftl}'
Reports view generated with 3 stories (of which 0 pending) containing 3 scenarios (of which 0 pending)
]]></system-out>
  <system-err><![CDATA[Dec 03, 2018 4:43:35 PM org.openqa.selenium.remote.DesiredCapabilities chrome
INFO: Using `new ChromeOptions()` is preferred to `DesiredCapabilities.chrome()`
Starting ChromeDriver 2.43.600233 (523efee95e3d68b8719b3a1c83051aa63aa6b10d) on port 1024
Only local connections are allowed.
log4j:WARN No appenders could be found for logger (org.apache.http.client.protocol.RequestAddCookies).
log4j:WARN Please initialize the log4j system properly.
log4j:WARN See http://logging.apache.org/log4j/1.2/faq.html#noconfig for more info.
Dec 03, 2018 4:43:36 PM org.openqa.selenium.remote.ProtocolHandshake createSession
INFO: Detected dialect: OSS
]]></system-err>
</testsuite>
